

Started GET "/" for 127.0.0.1 at 2014-09-30 07:45:28 +0200
Processing by Rails::WelcomeController#index as HTML
  Rendered /home/dany/.rvm/gems/ruby-2.1.2/gems/railties-4.1.6/lib/rails/templates/rails/welcome/index.html.erb (2.4ms)
Completed 200 OK in 16ms (Views: 7.7ms | ActiveRecord: 0.0ms)
  [1m[36m (82.1ms)[0m  [1mCREATE TABLE "schema_migrations" ("version" character varying(255) NOT NULL) [0m
  [1m[35m (83.9ms)[0m  CREATE UNIQUE INDEX  "unique_schema_migrations" ON "schema_migrations"  ("version")
  [1m[36mActiveRecord::SchemaMigration Load (1.2ms)[0m  [1mSELECT "schema_migrations".* FROM "schema_migrations"[0m
Migrating to CreateUsers (20140930062659)
  [1m[35m (0.3ms)[0m  BEGIN
  [1m[36m (72.0ms)[0m  [1mCREATE TABLE "users" ("id" serial primary key, "created_at" timestamp, "updated_at" timestamp) [0m
  [1m[35mSQL (1.0ms)[0m  INSERT INTO "schema_migrations" ("version") VALUES ($1)  [["version", "20140930062659"]]
  [1m[36m (7.2ms)[0m  [1mCOMMIT[0m
  [1m[35mActiveRecord::SchemaMigration Load (0.6ms)[0m  SELECT "schema_migrations".* FROM "schema_migrations"
  [1m[36mActiveRecord::SchemaMigration Load (0.6ms)[0m  [1mSELECT "schema_migrations".* FROM "schema_migrations"[0m
  [1m[35mActiveRecord::SchemaMigration Load (0.2ms)[0m  SELECT "schema_migrations".* FROM "schema_migrations"
  [1m[36mActiveRecord::SchemaMigration Load (0.8ms)[0m  [1mSELECT "schema_migrations".* FROM "schema_migrations"[0m
  [1m[35mActiveRecord::SchemaMigration Load (0.3ms)[0m  SELECT "schema_migrations".* FROM "schema_migrations"
  [1m[36mActiveRecord::SchemaMigration Load (1.1ms)[0m  [1mSELECT "schema_migrations".* FROM "schema_migrations"[0m
  [1m[35mActiveRecord::SchemaMigration Load (0.4ms)[0m  SELECT "schema_migrations".* FROM "schema_migrations"
  [1m[36mActiveRecord::SchemaMigration Load (0.7ms)[0m  [1mSELECT "schema_migrations".* FROM "schema_migrations"[0m
Migrating to CreateUsers (20141001111912)
  [1m[35m (0.4ms)[0m  BEGIN
  [1m[36m (137.2ms)[0m  [1mCREATE TABLE "users" ("id" serial primary key, "email" character varying(255), "password_hash" character varying(255), "password_salt" character varying(255), "created_at" timestamp, "updated_at" timestamp) [0m
  [1m[35mSQL (0.7ms)[0m  INSERT INTO "schema_migrations" ("version") VALUES ($1)  [["version", "20141001111912"]]
  [1m[36m (25.4ms)[0m  [1mCOMMIT[0m
  [1m[35mActiveRecord::SchemaMigration Load (0.6ms)[0m  SELECT "schema_migrations".* FROM "schema_migrations"
  [1m[36mActiveRecord::SchemaMigration Load (0.8ms)[0m  [1mSELECT "schema_migrations".* FROM "schema_migrations"[0m
Migrating to DeviseCreateUsers (20141001122814)
  [1m[35m (0.3ms)[0m  BEGIN
  [1m[36m (100.0ms)[0m  [1mCREATE TABLE "users" ("id" serial primary key, "email" character varying(255) DEFAULT '' NOT NULL, "encrypted_password" character varying(255) DEFAULT '' NOT NULL, "reset_password_token" character varying(255), "reset_password_sent_at" timestamp, "remember_created_at" timestamp, "sign_in_count" integer DEFAULT 0 NOT NULL, "current_sign_in_at" timestamp, "last_sign_in_at" timestamp, "current_sign_in_ip" inet, "last_sign_in_ip" inet, "created_at" timestamp, "updated_at" timestamp) [0m
  [1m[35m (30.3ms)[0m  CREATE UNIQUE INDEX  "index_users_on_email" ON "users"  ("email")
  [1m[36m (41.6ms)[0m  [1mCREATE UNIQUE INDEX  "index_users_on_reset_password_token" ON "users"  ("reset_password_token")[0m
  [1m[35mSQL (0.3ms)[0m  INSERT INTO "schema_migrations" ("version") VALUES ($1)  [["version", "20141001122814"]]
  [1m[36m (22.3ms)[0m  [1mCOMMIT[0m
  [1m[35mActiveRecord::SchemaMigration Load (0.4ms)[0m  SELECT "schema_migrations".* FROM "schema_migrations"


Started GET "/" for 127.0.0.1 at 2014-10-01 14:46:56 +0200
  [1m[36mActiveRecord::SchemaMigration Load (0.6ms)[0m  [1mSELECT "schema_migrations".* FROM "schema_migrations"[0m
Processing by Rails::WelcomeController#index as HTML
  Rendered /home/dany/.rvm/gems/ruby-2.1.2/gems/railties-4.1.6/lib/rails/templates/rails/welcome/index.html.erb (12.5ms)
Completed 200 OK in 176ms (Views: 140.7ms | ActiveRecord: 0.0ms)


Started GET "/" for 127.0.0.1 at 2014-10-01 14:46:57 +0200
Processing by Rails::WelcomeController#index as HTML
  Rendered /home/dany/.rvm/gems/ruby-2.1.2/gems/railties-4.1.6/lib/rails/templates/rails/welcome/index.html.erb (0.1ms)
Completed 200 OK in 3ms (Views: 2.4ms | ActiveRecord: 0.0ms)


Started GET "/" for 127.0.0.1 at 2014-10-01 14:46:57 +0200
Processing by Rails::WelcomeController#index as HTML
  Rendered /home/dany/.rvm/gems/ruby-2.1.2/gems/railties-4.1.6/lib/rails/templates/rails/welcome/index.html.erb (0.1ms)
Completed 200 OK in 1ms (Views: 1.0ms | ActiveRecord: 0.0ms)


Started GET "/sign_up" for 127.0.0.1 at 2014-10-01 14:47:09 +0200

ActionController::RoutingError (No route matches [GET] "/sign_up"):
  actionpack (4.1.6) lib/action_dispatch/middleware/debug_exceptions.rb:21:in `call'
  actionpack (4.1.6) lib/action_dispatch/middleware/show_exceptions.rb:30:in `call'
  railties (4.1.6) lib/rails/rack/logger.rb:38:in `call_app'
  railties (4.1.6) lib/rails/rack/logger.rb:20:in `block in call'
  activesupport (4.1.6) lib/active_support/tagged_logging.rb:68:in `block in tagged'
  activesupport (4.1.6) lib/active_support/tagged_logging.rb:26:in `tagged'
  activesupport (4.1.6) lib/active_support/tagged_logging.rb:68:in `tagged'
  railties (4.1.6) lib/rails/rack/logger.rb:20:in `call'
  actionpack (4.1.6) lib/action_dispatch/middleware/request_id.rb:21:in `call'
  rack (1.5.2) lib/rack/methodoverride.rb:21:in `call'
  rack (1.5.2) lib/rack/runtime.rb:17:in `call'
  activesupport (4.1.6) lib/active_support/cache/strategy/local_cache_middleware.rb:26:in `call'
  rack (1.5.2) lib/rack/lock.rb:17:in `call'
  actionpack (4.1.6) lib/action_dispatch/middleware/static.rb:64:in `call'
  rack (1.5.2) lib/rack/sendfile.rb:112:in `call'
  railties (4.1.6) lib/rails/engine.rb:514:in `call'
  railties (4.1.6) lib/rails/application.rb:144:in `call'
  rack (1.5.2) lib/rack/lock.rb:17:in `call'
  rack (1.5.2) lib/rack/content_length.rb:14:in `call'
  rack (1.5.2) lib/rack/handler/webrick.rb:60:in `service'
  /home/dany/.rvm/rubies/ruby-2.1.2/lib/ruby/2.1.0/webrick/httpserver.rb:138:in `service'
  /home/dany/.rvm/rubies/ruby-2.1.2/lib/ruby/2.1.0/webrick/httpserver.rb:94:in `run'
  /home/dany/.rvm/rubies/ruby-2.1.2/lib/ruby/2.1.0/webrick/server.rb:295:in `block in start_thread'


  Rendered /home/dany/.rvm/gems/ruby-2.1.2/gems/actionpack-4.1.6/lib/action_dispatch/middleware/templates/rescues/_trace.html.erb (1.6ms)
  Rendered /home/dany/.rvm/gems/ruby-2.1.2/gems/actionpack-4.1.6/lib/action_dispatch/middleware/templates/routes/_route.html.erb (3.4ms)
  Rendered /home/dany/.rvm/gems/ruby-2.1.2/gems/actionpack-4.1.6/lib/action_dispatch/middleware/templates/routes/_table.html.erb (35.0ms)
  Rendered /home/dany/.rvm/gems/ruby-2.1.2/gems/actionpack-4.1.6/lib/action_dispatch/middleware/templates/rescues/routing_error.html.erb within rescues/layout (99.6ms)


Started GET "/users/sign_up" for 127.0.0.1 at 2014-10-01 14:47:25 +0200
Processing by Devise::RegistrationsController#new as HTML
  Rendered /home/dany/.rvm/gems/ruby-2.1.2/gems/devise-3.3.0/app/views/devise/shared/_links.erb (2.0ms)
  Rendered /home/dany/.rvm/gems/ruby-2.1.2/gems/devise-3.3.0/app/views/devise/registrations/new.html.erb within layouts/application (63.7ms)
Completed 200 OK in 1141ms (Views: 1129.0ms | ActiveRecord: 3.1ms)


Started GET "/assets/users.css?body=1" for 127.0.0.1 at 2014-10-01 14:47:27 +0200


Started GET "/assets/application.css?body=1" for 127.0.0.1 at 2014-10-01 14:47:27 +0200


Started GET "/assets/turbolinks.js?body=1" for 127.0.0.1 at 2014-10-01 14:47:27 +0200


Started GET "/assets/jquery_ujs.js?body=1" for 127.0.0.1 at 2014-10-01 14:47:27 +0200


Started GET "/assets/jquery.js?body=1" for 127.0.0.1 at 2014-10-01 14:47:27 +0200


Started GET "/assets/application.js?body=1" for 127.0.0.1 at 2014-10-01 14:47:27 +0200


Started GET "/assets/users.js?body=1" for 127.0.0.1 at 2014-10-01 14:47:27 +0200


Started GET "/users/sign_in" for 127.0.0.1 at 2014-10-01 14:48:00 +0200
Processing by Devise::SessionsController#new as HTML
  Rendered /home/dany/.rvm/gems/ruby-2.1.2/gems/devise-3.3.0/app/views/devise/shared/_links.erb (2.7ms)
  Rendered /home/dany/.rvm/gems/ruby-2.1.2/gems/devise-3.3.0/app/views/devise/sessions/new.html.erb within layouts/application (85.7ms)
Completed 200 OK in 136ms (Views: 132.6ms | ActiveRecord: 0.0ms)


Started GET "/assets/users.css?body=1" for 127.0.0.1 at 2014-10-01 14:48:01 +0200


Started GET "/assets/jquery.js?body=1" for 127.0.0.1 at 2014-10-01 14:48:01 +0200


Started GET "/assets/application.css?body=1" for 127.0.0.1 at 2014-10-01 14:48:01 +0200


Started GET "/assets/jquery_ujs.js?body=1" for 127.0.0.1 at 2014-10-01 14:48:01 +0200


Started GET "/assets/turbolinks.js?body=1" for 127.0.0.1 at 2014-10-01 14:48:01 +0200


Started GET "/assets/application.js?body=1" for 127.0.0.1 at 2014-10-01 14:48:01 +0200


Started GET "/assets/users.js?body=1" for 127.0.0.1 at 2014-10-01 14:48:01 +0200


Started GET "/users/sign_up" for 127.0.0.1 at 2014-10-01 14:48:44 +0200
Processing by Devise::RegistrationsController#new as HTML
  Rendered /home/dany/.rvm/gems/ruby-2.1.2/gems/devise-3.3.0/app/views/devise/shared/_links.erb (1.0ms)
  Rendered /home/dany/.rvm/gems/ruby-2.1.2/gems/devise-3.3.0/app/views/devise/registrations/new.html.erb within layouts/application (6.1ms)
Completed 200 OK in 57ms (Views: 55.9ms | ActiveRecord: 0.0ms)


Started POST "/users" for 127.0.0.1 at 2014-10-01 14:48:57 +0200
Processing by Devise::RegistrationsController#create as HTML
  Parameters: {"utf8"=>"✓", "authenticity_token"=>"Ixh5W881UMuPEUCXOaNW6sWTlaMP/QVZyFfWjr6jX9M=", "user"=>{"email"=>"dani@test.com", "password"=>"[FILTERED]", "password_confirmation"=>"[FILTERED]"}, "commit"=>"Sign up"}
  [1m[35m (0.2ms)[0m  BEGIN
  [1m[36mUser Exists (19.7ms)[0m  [1mSELECT  1 AS one FROM "users"  WHERE "users"."email" = 'dani@test.com' LIMIT 1[0m
  [1m[35m (0.3ms)[0m  ROLLBACK
  Rendered /home/dany/.rvm/gems/ruby-2.1.2/gems/devise-3.3.0/app/views/devise/shared/_links.erb (0.5ms)
  Rendered /home/dany/.rvm/gems/ruby-2.1.2/gems/devise-3.3.0/app/views/devise/registrations/new.html.erb within layouts/application (8.2ms)
Completed 200 OK in 243ms (Views: 61.3ms | ActiveRecord: 20.2ms)


Started GET "/assets/users.css?body=1" for 127.0.0.1 at 2014-10-01 14:48:58 +0200


Started GET "/assets/application.css?body=1" for 127.0.0.1 at 2014-10-01 14:48:58 +0200


Started GET "/assets/jquery.js?body=1" for 127.0.0.1 at 2014-10-01 14:48:58 +0200


Started GET "/assets/application.js?body=1" for 127.0.0.1 at 2014-10-01 14:48:58 +0200


Started GET "/assets/turbolinks.js?body=1" for 127.0.0.1 at 2014-10-01 14:48:58 +0200


Started GET "/assets/jquery_ujs.js?body=1" for 127.0.0.1 at 2014-10-01 14:48:58 +0200


Started GET "/assets/users.js?body=1" for 127.0.0.1 at 2014-10-01 14:48:58 +0200


Started POST "/users" for 127.0.0.1 at 2014-10-01 14:49:08 +0200
Processing by Devise::RegistrationsController#create as HTML
  Parameters: {"utf8"=>"✓", "authenticity_token"=>"Ixh5W881UMuPEUCXOaNW6sWTlaMP/QVZyFfWjr6jX9M=", "user"=>{"email"=>"dani@test.com", "password"=>"[FILTERED]", "password_confirmation"=>"[FILTERED]"}, "commit"=>"Sign up"}
  [1m[36m (0.3ms)[0m  [1mBEGIN[0m
  [1m[35mUser Exists (0.7ms)[0m  SELECT  1 AS one FROM "users"  WHERE "users"."email" = 'dani@test.com' LIMIT 1
  [1m[36mSQL (1.3ms)[0m  [1mINSERT INTO "users" ("created_at", "email", "encrypted_password", "updated_at") VALUES ($1, $2, $3, $4) RETURNING "id"[0m  [["created_at", "2014-10-01 12:49:08.164254"], ["email", "dani@test.com"], ["encrypted_password", "$2a$10$uTntSFMBBMG7LAlIWlLw9udJiekbu2eFR2lN94mcQxq5pakPHy3Mu"], ["updated_at", "2014-10-01 12:49:08.164254"]]
  [1m[35m (90.3ms)[0m  COMMIT
  [1m[36m (0.3ms)[0m  [1mBEGIN[0m
  [1m[35mSQL (0.8ms)[0m  UPDATE "users" SET "current_sign_in_at" = $1, "current_sign_in_ip" = $2, "last_sign_in_at" = $3, "last_sign_in_ip" = $4, "sign_in_count" = $5, "updated_at" = $6 WHERE "users"."id" = 1  [["current_sign_in_at", "2014-10-01 12:49:08.265394"], ["current_sign_in_ip", "127.0.0.1/32"], ["last_sign_in_at", "2014-10-01 12:49:08.265394"], ["last_sign_in_ip", "127.0.0.1/32"], ["sign_in_count", 1], ["updated_at", "2014-10-01 12:49:08.268962"]]
  [1m[36m (11.7ms)[0m  [1mCOMMIT[0m
Redirected to http://0.0.0.0:3000/
Completed 302 Found in 250ms (ActiveRecord: 106.0ms)


Started GET "/" for 127.0.0.1 at 2014-10-01 14:49:08 +0200
Processing by Rails::WelcomeController#index as HTML
  Rendered /home/dany/.rvm/gems/ruby-2.1.2/gems/railties-4.1.6/lib/rails/templates/rails/welcome/index.html.erb (0.1ms)
Completed 200 OK in 3ms (Views: 1.8ms | ActiveRecord: 0.0ms)
